08/10/2010 09:17:15: 
Error in Path :/public/css/
Raw Url :/public/css/
Message :File does not exist.
Source :System.Web
Stack Trace :   at System.Web.StaticFileHandler.GetFileInfo(String virtualPathWithPathInfo, String physicalPath, HttpResponse response)
   at System.Web.StaticFileHandler.ProcessRequestInternal(HttpContext context, String overrideVirtualPath)
   at System.Web.DefaultHttpHandler.BeginProcessRequest(HttpContext context, AsyncCallback callback, Object state)
   at System.Web.HttpApplication.CallHandlerExecutionStep.System.Web.HttpApplication.IExecutionStep.Execute()
   at System.Web.HttpApplication.ExecuteStep(IExecutionStep step, Boolean& completedSynchronously)
TargetSite :System.IO.FileInfo GetFileInfo(System.String, System.String, System.Web.HttpResponse)
08/10/2010 09:41:55: Starting Amazon upload at 8/10/2010 9:41:55 AM
08/10/2010 09:43:44: Starting Amazon upload at 8/10/2010 9:43:44 AM
08/10/2010 09:45:02: Starting Amazon upload at 8/10/2010 9:45:02 AM
08/10/2010 09:47:09: Starting Amazon upload at 8/10/2010 9:47:09 AM
08/10/2010 09:47:56: Starting Amazon upload at 8/10/2010 9:47:56 AM
08/10/2010 09:49:15: 
Error in Path :/public/css/
Raw Url :/public/css/
Message :File does not exist.
Source :System.Web
Stack Trace :   at System.Web.StaticFileHandler.GetFileInfo(String virtualPathWithPathInfo, String physicalPath, HttpResponse response)
   at System.Web.StaticFileHandler.ProcessRequestInternal(HttpContext context, String overrideVirtualPath)
   at System.Web.DefaultHttpHandler.BeginProcessRequest(HttpContext context, AsyncCallback callback, Object state)
   at System.Web.HttpApplication.CallHandlerExecutionStep.System.Web.HttpApplication.IExecutionStep.Execute()
   at System.Web.HttpApplication.ExecuteStep(IExecutionStep step, Boolean& completedSynchronously)
TargetSite :System.IO.FileInfo GetFileInfo(System.String, System.String, System.Web.HttpResponse)
08/11/2010 11:00:36: Starting Amazon upload at 8/11/2010 11:00:36 AM
08/11/2010 11:00:48: 
Error in Path :/public/css/
Raw Url :/public/css/
Message :File does not exist.
Source :System.Web
Stack Trace :   at System.Web.StaticFileHandler.GetFileInfo(String virtualPathWithPathInfo, String physicalPath, HttpResponse response)
   at System.Web.StaticFileHandler.ProcessRequestInternal(HttpContext context, String overrideVirtualPath)
   at System.Web.DefaultHttpHandler.BeginProcessRequest(HttpContext context, AsyncCallback callback, Object state)
   at System.Web.HttpApplication.CallHandlerExecutionStep.System.Web.HttpApplication.IExecutionStep.Execute()
   at System.Web.HttpApplication.ExecuteStep(IExecutionStep step, Boolean& completedSynchronously)
TargetSite :System.IO.FileInfo GetFileInfo(System.String, System.String, System.Web.HttpResponse)
08/11/2010 11:04:06: An error occurred with the message 'The request was aborted: The request was canceled.' when writing an object
08/11/2010 11:06:21: Starting Amazon upload at 8/11/2010 11:06:21 AM
08/11/2010 11:06:23: 
Error in Path :/public/css/
Raw Url :/public/css/
Message :File does not exist.
Source :System.Web
Stack Trace :   at System.Web.StaticFileHandler.GetFileInfo(String virtualPathWithPathInfo, String physicalPath, HttpResponse response)
   at System.Web.StaticFileHandler.ProcessRequestInternal(HttpContext context, String overrideVirtualPath)
   at System.Web.DefaultHttpHandler.BeginProcessRequest(HttpContext context, AsyncCallback callback, Object state)
   at System.Web.HttpApplication.CallHandlerExecutionStep.System.Web.HttpApplication.IExecutionStep.Execute()
   at System.Web.HttpApplication.ExecuteStep(IExecutionStep step, Boolean& completedSynchronously)
TargetSite :System.IO.FileInfo GetFileInfo(System.String, System.String, System.Web.HttpResponse)
08/11/2010 11:09:41: An error occurred with the message 'The request was aborted: The request was canceled.' when writing an object
08/11/2010 11:11:46: Starting Amazon upload at 8/11/2010 11:11:46 AM
08/11/2010 11:11:49: 
Error in Path :/public/css/
Raw Url :/public/css/
Message :File does not exist.
Source :System.Web
Stack Trace :   at System.Web.StaticFileHandler.GetFileInfo(String virtualPathWithPathInfo, String physicalPath, HttpResponse response)
   at System.Web.StaticFileHandler.ProcessRequestInternal(HttpContext context, String overrideVirtualPath)
   at System.Web.DefaultHttpHandler.BeginProcessRequest(HttpContext context, AsyncCallback callback, Object state)
   at System.Web.HttpApplication.CallHandlerExecutionStep.System.Web.HttpApplication.IExecutionStep.Execute()
   at System.Web.HttpApplication.ExecuteStep(IExecutionStep step, Boolean& completedSynchronously)
TargetSite :System.IO.FileInfo GetFileInfo(System.String, System.String, System.Web.HttpResponse)
08/11/2010 11:14:28: An error occurred with the message 'The request was aborted: The request was canceled.' when writing an object
08/11/2010 11:15:04: Uploaded D:\Inetpub\wwwroot\Assets\Music\Preview\2389.mp3
08/11/2010 11:16:44: Uploaded D:\Inetpub\wwwroot\Assets\Music\Full\2389.mp3
08/11/2010 11:16:53: Uploaded D:\Inetpub\wwwroot\Assets\Music\Preview\2390.mp3
08/11/2010 11:18:46: Uploaded D:\Inetpub\wwwroot\Assets\Music\Full\2390.mp3
08/11/2010 11:18:56: Uploaded D:\Inetpub\wwwroot\Assets\Music\Preview\2391.mp3
08/11/2010 11:19:38: Uploaded D:\Inetpub\wwwroot\Assets\Music\Full\2391.mp3
08/11/2010 11:19:47: Uploaded D:\Inetpub\wwwroot\Assets\Music\Preview\2392.mp3
08/11/2010 11:21:29: Uploaded D:\Inetpub\wwwroot\Assets\Music\Full\2392.mp3
08/11/2010 11:22:07: Uploaded D:\Inetpub\wwwroot\Assets\Music\Preview\2393.mp3
08/11/2010 11:23:17: Uploaded D:\Inetpub\wwwroot\Assets\Music\Full\2393.mp3
08/11/2010 11:28:45: 
Error in Path :/public/css/
Raw Url :/public/css/
Message :File does not exist.
Source :System.Web
Stack Trace :   at System.Web.StaticFileHandler.GetFileInfo(String virtualPathWithPathInfo, String physicalPath, HttpResponse response)
   at System.Web.StaticFileHandler.ProcessRequestInternal(HttpContext context, String overrideVirtualPath)
   at System.Web.DefaultHttpHandler.BeginProcessRequest(HttpContext context, AsyncCallback callback, Object state)
   at System.Web.HttpApplication.CallHandlerExecutionStep.System.Web.HttpApplication.IExecutionStep.Execute()
   at System.Web.HttpApplication.ExecuteStep(IExecutionStep step, Boolean& completedSynchronously)
TargetSite :System.IO.FileInfo GetFileInfo(System.String, System.String, System.Web.HttpResponse)
08/11/2010 11:29:16: 
Error in Path :/public/css/
Raw Url :/public/css/
Message :File does not exist.
Source :System.Web
Stack Trace :   at System.Web.StaticFileHandler.GetFileInfo(String virtualPathWithPathInfo, String physicalPath, HttpResponse response)
   at System.Web.StaticFileHandler.ProcessRequestInternal(HttpContext context, String overrideVirtualPath)
   at System.Web.DefaultHttpHandler.BeginProcessRequest(HttpContext context, AsyncCallback callback, Object state)
   at System.Web.HttpApplication.CallHandlerExecutionStep.System.Web.HttpApplication.IExecutionStep.Execute()
   at System.Web.HttpApplication.ExecuteStep(IExecutionStep step, Boolean& completedSynchronously)
TargetSite :System.IO.FileInfo GetFileInfo(System.String, System.String, System.Web.HttpResponse)
08/11/2010 11:41:16: 
Error in Path :/public/css/
Raw Url :/public/css/
Message :File does not exist.
Source :System.Web
Stack Trace :   at System.Web.StaticFileHandler.GetFileInfo(String virtualPathWithPathInfo, String physicalPath, HttpResponse response)
   at System.Web.StaticFileHandler.ProcessRequestInternal(HttpContext context, String overrideVirtualPath)
   at System.Web.DefaultHttpHandler.BeginProcessRequest(HttpContext context, AsyncCallback callback, Object state)
   at System.Web.HttpApplication.CallHandlerExecutionStep.System.Web.HttpApplication.IExecutionStep.Execute()
   at System.Web.HttpApplication.ExecuteStep(IExecutionStep step, Boolean& completedSynchronously)
TargetSite :System.IO.FileInfo GetFileInfo(System.String, System.String, System.Web.HttpResponse)
08/11/2010 11:41:24: 
Error in Path :/public/css/
Raw Url :/public/css/
Message :File does not exist.
Source :System.Web
Stack Trace :   at System.Web.StaticFileHandler.GetFileInfo(String virtualPathWithPathInfo, String physicalPath, HttpResponse response)
   at System.Web.StaticFileHandler.ProcessRequestInternal(HttpContext context, String overrideVirtualPath)
   at System.Web.DefaultHttpHandler.BeginProcessRequest(HttpContext context, AsyncCallback callback, Object state)
   at System.Web.HttpApplication.CallHandlerExecutionStep.System.Web.HttpApplication.IExecutionStep.Execute()
   at System.Web.HttpApplication.ExecuteStep(IExecutionStep step, Boolean& completedSynchronously)
TargetSite :System.IO.FileInfo GetFileInfo(System.String, System.String, System.Web.HttpResponse)
08/11/2010 11:47:51: 
Error in Path :/public/css/
Raw Url :/public/css/
Message :File does not exist.
Source :System.Web
Stack Trace :   at System.Web.StaticFileHandler.GetFileInfo(String virtualPathWithPathInfo, String physicalPath, HttpResponse response)
   at System.Web.StaticFileHandler.ProcessRequestInternal(HttpContext context, String overrideVirtualPath)
   at System.Web.DefaultHttpHandler.BeginProcessRequest(HttpContext context, AsyncCallback callback, Object state)
   at System.Web.HttpApplication.CallHandlerExecutionStep.System.Web.HttpApplication.IExecutionStep.Execute()
   at System.Web.HttpApplication.ExecuteStep(IExecutionStep step, Boolean& completedSynchronously)
TargetSite :System.IO.FileInfo GetFileInfo(System.String, System.String, System.Web.HttpResponse)
08/11/2010 11:48:30: 
Error in Path :/public/css/
Raw Url :/public/css/
Message :File does not exist.
Source :System.Web
Stack Trace :   at System.Web.StaticFileHandler.GetFileInfo(String virtualPathWithPathInfo, String physicalPath, HttpResponse response)
   at System.Web.StaticFileHandler.ProcessRequestInternal(HttpContext context, String overrideVirtualPath)
   at System.Web.DefaultHttpHandler.BeginProcessRequest(HttpContext context, AsyncCallback callback, Object state)
   at System.Web.HttpApplication.CallHandlerExecutionStep.System.Web.HttpApplication.IExecutionStep.Execute()
   at System.Web.HttpApplication.ExecuteStep(IExecutionStep step, Boolean& completedSynchronously)
TargetSite :System.IO.FileInfo GetFileInfo(System.String, System.String, System.Web.HttpResponse)
08/11/2010 11:51:26: 
Error in Path :/public/css/
Raw Url :/public/css/
Message :File does not exist.
Source :System.Web
Stack Trace :   at System.Web.StaticFileHandler.GetFileInfo(String virtualPathWithPathInfo, String physicalPath, HttpResponse response)
   at System.Web.StaticFileHandler.ProcessRequestInternal(HttpContext context, String overrideVirtualPath)
   at System.Web.DefaultHttpHandler.BeginProcessRequest(HttpContext context, AsyncCallback callback, Object state)
   at System.Web.HttpApplication.CallHandlerExecutionStep.System.Web.HttpApplication.IExecutionStep.Execute()
   at System.Web.HttpApplication.ExecuteStep(IExecutionStep step, Boolean& completedSynchronously)
TargetSite :System.IO.FileInfo GetFileInfo(System.String, System.String, System.Web.HttpResponse)
08/11/2010 11:51:40: 
Error in Path :/public/css/
Raw Url :/public/css/
Message :File does not exist.
Source :System.Web
Stack Trace :   at System.Web.StaticFileHandler.GetFileInfo(String virtualPathWithPathInfo, String physicalPath, HttpResponse response)
   at System.Web.StaticFileHandler.ProcessRequestInternal(HttpContext context, String overrideVirtualPath)
   at System.Web.DefaultHttpHandler.BeginProcessRequest(HttpContext context, AsyncCallback callback, Object state)
   at System.Web.HttpApplication.CallHandlerExecutionStep.System.Web.HttpApplication.IExecutionStep.Execute()
   at System.Web.HttpApplication.ExecuteStep(IExecutionStep step, Boolean& completedSynchronously)
TargetSite :System.IO.FileInfo GetFileInfo(System.String, System.String, System.Web.HttpResponse)
08/11/2010 11:58:40: 
Error in Path :/public/css/
Raw Url :/public/css/
Message :File does not exist.
Source :System.Web
Stack Trace :   at System.Web.StaticFileHandler.GetFileInfo(String virtualPathWithPathInfo, String physicalPath, HttpResponse response)
   at System.Web.StaticFileHandler.ProcessRequestInternal(HttpContext context, String overrideVirtualPath)
   at System.Web.DefaultHttpHandler.BeginProcessRequest(HttpContext context, AsyncCallback callback, Object state)
   at System.Web.HttpApplication.CallHandlerExecutionStep.System.Web.HttpApplication.IExecutionStep.Execute()
   at System.Web.HttpApplication.ExecuteStep(IExecutionStep step, Boolean& completedSynchronously)
TargetSite :System.IO.FileInfo GetFileInfo(System.String, System.String, System.Web.HttpResponse)
08/11/2010 12:00:20: 
Error in Path :/public/css/
Raw Url :/public/css/
Message :File does not exist.
Source :System.Web
Stack Trace :   at System.Web.StaticFileHandler.GetFileInfo(String virtualPathWithPathInfo, String physicalPath, HttpResponse response)
   at System.Web.StaticFileHandler.ProcessRequestInternal(HttpContext context, String overrideVirtualPath)
   at System.Web.DefaultHttpHandler.BeginProcessRequest(HttpContext context, AsyncCallback callback, Object state)
   at System.Web.HttpApplication.CallHandlerExecutionStep.System.Web.HttpApplication.IExecutionStep.Execute()
   at System.Web.HttpApplication.ExecuteStep(IExecutionStep step, Boolean& completedSynchronously)
TargetSite :System.IO.FileInfo GetFileInfo(System.String, System.String, System.Web.HttpResponse)
08/11/2010 12:02:27: 
Error in Path :/public/css/
Raw Url :/public/css/
Message :File does not exist.
Source :System.Web
Stack Trace :   at System.Web.StaticFileHandler.GetFileInfo(String virtualPathWithPathInfo, String physicalPath, HttpResponse response)
   at System.Web.StaticFileHandler.ProcessRequestInternal(HttpContext context, String overrideVirtualPath)
   at System.Web.DefaultHttpHandler.BeginProcessRequest(HttpContext context, AsyncCallback callback, Object state)
   at System.Web.HttpApplication.CallHandlerExecutionStep.System.Web.HttpApplication.IExecutionStep.Execute()
   at System.Web.HttpApplication.ExecuteStep(IExecutionStep step, Boolean& completedSynchronously)
TargetSite :System.IO.FileInfo GetFileInfo(System.String, System.String, System.Web.HttpResponse)
08/11/2010 12:04:00: 
Error in Path :/public/css/
Raw Url :/public/css/
Message :File does not exist.
Source :System.Web
Stack Trace :   at System.Web.StaticFileHandler.GetFileInfo(String virtualPathWithPathInfo, String physicalPath, HttpResponse response)
   at System.Web.StaticFileHandler.ProcessRequestInternal(HttpContext context, String overrideVirtualPath)
   at System.Web.DefaultHttpHandler.BeginProcessRequest(HttpContext context, AsyncCallback callback, Object state)
   at System.Web.HttpApplication.CallHandlerExecutionStep.System.Web.HttpApplication.IExecutionStep.Execute()
   at System.Web.HttpApplication.ExecuteStep(IExecutionStep step, Boolean& completedSynchronously)
TargetSite :System.IO.FileInfo GetFileInfo(System.String, System.String, System.Web.HttpResponse)
08/11/2010 12:11:50: 
Error in Path :/public/css/
Raw Url :/public/css/
Message :File does not exist.
Source :System.Web
Stack Trace :   at System.Web.StaticFileHandler.GetFileInfo(String virtualPathWithPathInfo, String physicalPath, HttpResponse response)
   at System.Web.StaticFileHandler.ProcessRequestInternal(HttpContext context, String overrideVirtualPath)
   at System.Web.DefaultHttpHandler.BeginProcessRequest(HttpContext context, AsyncCallback callback, Object state)
   at System.Web.HttpApplication.CallHandlerExecutionStep.System.Web.HttpApplication.IExecutionStep.Execute()
   at System.Web.HttpApplication.ExecuteStep(IExecutionStep step, Boolean& completedSynchronously)
TargetSite :System.IO.FileInfo GetFileInfo(System.String, System.String, System.Web.HttpResponse)
08/11/2010 12:14:50: 
Error in Path :/public/css/
Raw Url :/public/css/
Message :File does not exist.
Source :System.Web
Stack Trace :   at System.Web.StaticFileHandler.GetFileInfo(String virtualPathWithPathInfo, String physicalPath, HttpResponse response)
   at System.Web.StaticFileHandler.ProcessRequestInternal(HttpContext context, String overrideVirtualPath)
   at System.Web.DefaultHttpHandler.BeginProcessRequest(HttpContext context, AsyncCallback callback, Object state)
   at System.Web.HttpApplication.CallHandlerExecutionStep.System.Web.HttpApplication.IExecutionStep.Execute()
   at System.Web.HttpApplication.ExecuteStep(IExecutionStep step, Boolean& completedSynchronously)
TargetSite :System.IO.FileInfo GetFileInfo(System.String, System.String, System.Web.HttpResponse)
08/11/2010 12:23:32: 
Error in Path :/public/css/
Raw Url :/public/css/
Message :File does not exist.
Source :System.Web
Stack Trace :   at System.Web.StaticFileHandler.GetFileInfo(String virtualPathWithPathInfo, String physicalPath, HttpResponse response)
   at System.Web.StaticFileHandler.ProcessRequestInternal(HttpContext context, String overrideVirtualPath)
   at System.Web.DefaultHttpHandler.BeginProcessRequest(HttpContext context, AsyncCallback callback, Object state)
   at System.Web.HttpApplication.CallHandlerExecutionStep.System.Web.HttpApplication.IExecutionStep.Execute()
   at System.Web.HttpApplication.ExecuteStep(IExecutionStep step, Boolean& completedSynchronously)
TargetSite :System.IO.FileInfo GetFileInfo(System.String, System.String, System.Web.HttpResponse)
08/11/2010 12:23:58: 
Error in Path :/public/css/
Raw Url :/public/css/
Message :File does not exist.
Source :System.Web
Stack Trace :   at System.Web.StaticFileHandler.GetFileInfo(String virtualPathWithPathInfo, String physicalPath, HttpResponse response)
   at System.Web.StaticFileHandler.ProcessRequestInternal(HttpContext context, String overrideVirtualPath)
   at System.Web.DefaultHttpHandler.BeginProcessRequest(HttpContext context, AsyncCallback callback, Object state)
   at System.Web.HttpApplication.CallHandlerExecutionStep.System.Web.HttpApplication.IExecutionStep.Execute()
   at System.Web.HttpApplication.ExecuteStep(IExecutionStep step, Boolean& completedSynchronously)
TargetSite :System.IO.FileInfo GetFileInfo(System.String, System.String, System.Web.HttpResponse)
08/11/2010 12:30:28: 
Error in Path :/public/css/
Raw Url :/public/css/
Message :File does not exist.
Source :System.Web
Stack Trace :   at System.Web.StaticFileHandler.GetFileInfo(String virtualPathWithPathInfo, String physicalPath, HttpResponse response)
   at System.Web.StaticFileHandler.ProcessRequestInternal(HttpContext context, String overrideVirtualPath)
   at System.Web.DefaultHttpHandler.BeginProcessRequest(HttpContext context, AsyncCallback callback, Object state)
   at System.Web.HttpApplication.CallHandlerExecutionStep.System.Web.HttpApplication.IExecutionStep.Execute()
   at System.Web.HttpApplication.ExecuteStep(IExecutionStep step, Boolean& completedSynchronously)
TargetSite :System.IO.FileInfo GetFileInfo(System.String, System.String, System.Web.HttpResponse)
08/11/2010 12:30:46: 
Error in Path :/public/css/
Raw Url :/public/css/
Message :File does not exist.
Source :System.Web
Stack Trace :   at System.Web.StaticFileHandler.GetFileInfo(String virtualPathWithPathInfo, String physicalPath, HttpResponse response)
   at System.Web.StaticFileHandler.ProcessRequestInternal(HttpContext context, String overrideVirtualPath)
   at System.Web.DefaultHttpHandler.BeginProcessRequest(HttpContext context, AsyncCallback callback, Object state)
   at System.Web.HttpApplication.CallHandlerExecutionStep.System.Web.HttpApplication.IExecutionStep.Execute()
   at System.Web.HttpApplication.ExecuteStep(IExecutionStep step, Boolean& completedSynchronously)
TargetSite :System.IO.FileInfo GetFileInfo(System.String, System.String, System.Web.HttpResponse)
08/11/2010 12:35:21: 
Error in Path :/public/css/
Raw Url :/public/css/
Message :File does not exist.
Source :System.Web
Stack Trace :   at System.Web.StaticFileHandler.GetFileInfo(String virtualPathWithPathInfo, String physicalPath, HttpResponse response)
   at System.Web.StaticFileHandler.ProcessRequestInternal(HttpContext context, String overrideVirtualPath)
   at System.Web.DefaultHttpHandler.BeginProcessRequest(HttpContext context, AsyncCallback callback, Object state)
   at System.Web.HttpApplication.CallHandlerExecutionStep.System.Web.HttpApplication.IExecutionStep.Execute()
   at System.Web.HttpApplication.ExecuteStep(IExecutionStep step, Boolean& completedSynchronously)
TargetSite :System.IO.FileInfo GetFileInfo(System.String, System.String, System.Web.HttpResponse)
08/12/2010 10:07:25: 
Error in Path :/public/css/
Raw Url :/public/css/
Message :File does not exist.
Source :System.Web
Stack Trace :   at System.Web.StaticFileHandler.GetFileInfo(String virtualPathWithPathInfo, String physicalPath, HttpResponse response)
   at System.Web.StaticFileHandler.ProcessRequestInternal(HttpContext context, String overrideVirtualPath)
   at System.Web.DefaultHttpHandler.BeginProcessRequest(HttpContext context, AsyncCallback callback, Object state)
   at System.Web.HttpApplication.CallHandlerExecutionStep.System.Web.HttpApplication.IExecutionStep.Execute()
   at System.Web.HttpApplication.ExecuteStep(IExecutionStep step, Boolean& completedSynchronously)
TargetSite :System.IO.FileInfo GetFileInfo(System.String, System.String, System.Web.HttpResponse)
08/12/2010 10:12:38: 
Error in Path :/public/css/
Raw Url :/public/css/
Message :File does not exist.
Source :System.Web
Stack Trace :   at System.Web.StaticFileHandler.GetFileInfo(String virtualPathWithPathInfo, String physicalPath, HttpResponse response)
   at System.Web.StaticFileHandler.ProcessRequestInternal(HttpContext context, String overrideVirtualPath)
   at System.Web.DefaultHttpHandler.BeginProcessRequest(HttpContext context, AsyncCallback callback, Object state)
   at System.Web.HttpApplication.CallHandlerExecutionStep.System.Web.HttpApplication.IExecutionStep.Execute()
   at System.Web.HttpApplication.ExecuteStep(IExecutionStep step, Boolean& completedSynchronously)
TargetSite :System.IO.FileInfo GetFileInfo(System.String, System.String, System.Web.HttpResponse)
08/12/2010 10:16:32: 
Error in Path :/public/css/
Raw Url :/public/css/
Message :File does not exist.
Source :System.Web
Stack Trace :   at System.Web.StaticFileHandler.GetFileInfo(String virtualPathWithPathInfo, String physicalPath, HttpResponse response)
   at System.Web.StaticFileHandler.ProcessRequestInternal(HttpContext context, String overrideVirtualPath)
   at System.Web.DefaultHttpHandler.BeginProcessRequest(HttpContext context, AsyncCallback callback, Object state)
   at System.Web.HttpApplication.CallHandlerExecutionStep.System.Web.HttpApplication.IExecutionStep.Execute()
   at System.Web.HttpApplication.ExecuteStep(IExecutionStep step, Boolean& completedSynchronously)
TargetSite :System.IO.FileInfo GetFileInfo(System.String, System.String, System.Web.HttpResponse)
08/12/2010 10:19:46: 
Error in Path :/public/css/
Raw Url :/public/css/
Message :File does not exist.
Source :System.Web
Stack Trace :   at System.Web.StaticFileHandler.GetFileInfo(String virtualPathWithPathInfo, String physicalPath, HttpResponse response)
   at System.Web.StaticFileHandler.ProcessRequestInternal(HttpContext context, String overrideVirtualPath)
   at System.Web.DefaultHttpHandler.BeginProcessRequest(HttpContext context, AsyncCallback callback, Object state)
   at System.Web.HttpApplication.CallHandlerExecutionStep.System.Web.HttpApplication.IExecutionStep.Execute()
   at System.Web.HttpApplication.ExecuteStep(IExecutionStep step, Boolean& completedSynchronously)
TargetSite :System.IO.FileInfo GetFileInfo(System.String, System.String, System.Web.HttpResponse)
08/12/2010 10:21:26: 
Error in Path :/public/css/
Raw Url :/public/css/
Message :File does not exist.
Source :System.Web
Stack Trace :   at System.Web.StaticFileHandler.GetFileInfo(String virtualPathWithPathInfo, String physicalPath, HttpResponse response)
   at System.Web.StaticFileHandler.ProcessRequestInternal(HttpContext context, String overrideVirtualPath)
   at System.Web.DefaultHttpHandler.BeginProcessRequest(HttpContext context, AsyncCallback callback, Object state)
   at System.Web.HttpApplication.CallHandlerExecutionStep.System.Web.HttpApplication.IExecutionStep.Execute()
   at System.Web.HttpApplication.ExecuteStep(IExecutionStep step, Boolean& completedSynchronously)
TargetSite :System.IO.FileInfo GetFileInfo(System.String, System.String, System.Web.HttpResponse)
08/12/2010 10:24:53: 
Error in Path :/public/css/
Raw Url :/public/css/
Message :File does not exist.
Source :System.Web
Stack Trace :   at System.Web.StaticFileHandler.GetFileInfo(String virtualPathWithPathInfo, String physicalPath, HttpResponse response)
   at System.Web.StaticFileHandler.ProcessRequestInternal(HttpContext context, String overrideVirtualPath)
   at System.Web.DefaultHttpHandler.BeginProcessRequest(HttpContext context, AsyncCallback callback, Object state)
   at System.Web.HttpApplication.CallHandlerExecutionStep.System.Web.HttpApplication.IExecutionStep.Execute()
   at System.Web.HttpApplication.ExecuteStep(IExecutionStep step, Boolean& completedSynchronously)
TargetSite :System.IO.FileInfo GetFileInfo(System.String, System.String, System.Web.HttpResponse)
08/12/2010 16:00:32: 
Error in Path :/public/css/
Raw Url :/public/css/
Message :File does not exist.
Source :System.Web
Stack Trace :   at System.Web.StaticFileHandler.GetFileInfo(String virtualPathWithPathInfo, String physicalPath, HttpResponse response)
   at System.Web.StaticFileHandler.ProcessRequestInternal(HttpContext context, String overrideVirtualPath)
   at System.Web.DefaultHttpHandler.BeginProcessRequest(HttpContext context, AsyncCallback callback, Object state)
   at System.Web.HttpApplication.CallHandlerExecutionStep.System.Web.HttpApplication.IExecutionStep.Execute()
   at System.Web.HttpApplication.ExecuteStep(IExecutionStep step, Boolean& completedSynchronously)
TargetSite :System.IO.FileInfo GetFileInfo(System.String, System.String, System.Web.HttpResponse)
08/13/2010 07:46:50: 
Error in Path :/public/css/
Raw Url :/public/css/
Message :File does not exist.
Source :System.Web
Stack Trace :   at System.Web.StaticFileHandler.GetFileInfo(String virtualPathWithPathInfo, String physicalPath, HttpResponse response)
   at System.Web.StaticFileHandler.ProcessRequestInternal(HttpContext context, String overrideVirtualPath)
   at System.Web.DefaultHttpHandler.BeginProcessRequest(HttpContext context, AsyncCallback callback, Object state)
   at System.Web.HttpApplication.CallHandlerExecutionStep.System.Web.HttpApplication.IExecutionStep.Execute()
   at System.Web.HttpApplication.ExecuteStep(IExecutionStep step, Boolean& completedSynchronously)
TargetSite :System.IO.FileInfo GetFileInfo(System.String, System.String, System.Web.HttpResponse)
08/13/2010 07:47:19: 
Error in Path :/public/css/
Raw Url :/public/css/
Message :File does not exist.
Source :System.Web
Stack Trace :   at System.Web.StaticFileHandler.GetFileInfo(String virtualPathWithPathInfo, String physicalPath, HttpResponse response)
   at System.Web.StaticFileHandler.ProcessRequestInternal(HttpContext context, String overrideVirtualPath)
   at System.Web.DefaultHttpHandler.BeginProcessRequest(HttpContext context, AsyncCallback callback, Object state)
   at System.Web.HttpApplication.CallHandlerExecutionStep.System.Web.HttpApplication.IExecutionStep.Execute()
   at System.Web.HttpApplication.ExecuteStep(IExecutionStep step, Boolean& completedSynchronously)
TargetSite :System.IO.FileInfo GetFileInfo(System.String, System.String, System.Web.HttpResponse)
08/13/2010 07:53:04: 
Error in Path :/public/css/
Raw Url :/public/css/
Message :File does not exist.
Source :System.Web
Stack Trace :   at System.Web.StaticFileHandler.GetFileInfo(String virtualPathWithPathInfo, String physicalPath, HttpResponse response)
   at System.Web.StaticFileHandler.ProcessRequestInternal(HttpContext context, String overrideVirtualPath)
   at System.Web.DefaultHttpHandler.BeginProcessRequest(HttpContext context, AsyncCallback callback, Object state)
   at System.Web.HttpApplication.CallHandlerExecutionStep.System.Web.HttpApplication.IExecutionStep.Execute()
   at System.Web.HttpApplication.ExecuteStep(IExecutionStep step, Boolean& completedSynchronously)
TargetSite :System.IO.FileInfo GetFileInfo(System.String, System.String, System.Web.HttpResponse)
08/13/2010 07:54:19: 
Error in Path :/public/css/
Raw Url :/public/css/
Message :File does not exist.
Source :System.Web
Stack Trace :   at System.Web.StaticFileHandler.GetFileInfo(String virtualPathWithPathInfo, String physicalPath, HttpResponse response)
   at System.Web.StaticFileHandler.ProcessRequestInternal(HttpContext context, String overrideVirtualPath)
   at System.Web.DefaultHttpHandler.BeginProcessRequest(HttpContext context, AsyncCallback callback, Object state)
   at System.Web.HttpApplication.CallHandlerExecutionStep.System.Web.HttpApplication.IExecutionStep.Execute()
   at System.Web.HttpApplication.ExecuteStep(IExecutionStep step, Boolean& completedSynchronously)
TargetSite :System.IO.FileInfo GetFileInfo(System.String, System.String, System.Web.HttpResponse)
08/13/2010 07:55:59: 
Error in Path :/public/css/
Raw Url :/public/css/
Message :File does not exist.
Source :System.Web
Stack Trace :   at System.Web.StaticFileHandler.GetFileInfo(String virtualPathWithPathInfo, String physicalPath, HttpResponse response)
   at System.Web.StaticFileHandler.ProcessRequestInternal(HttpContext context, String overrideVirtualPath)
   at System.Web.DefaultHttpHandler.BeginProcessRequest(HttpContext context, AsyncCallback callback, Object state)
   at System.Web.HttpApplication.CallHandlerExecutionStep.System.Web.HttpApplication.IExecutionStep.Execute()
   at System.Web.HttpApplication.ExecuteStep(IExecutionStep step, Boolean& completedSynchronously)
TargetSite :System.IO.FileInfo GetFileInfo(System.String, System.String, System.Web.HttpResponse)
08/13/2010 08:03:40: 
Error in Path :/public/css/
Raw Url :/public/css/
Message :File does not exist.
Source :System.Web
Stack Trace :   at System.Web.StaticFileHandler.GetFileInfo(String virtualPathWithPathInfo, String physicalPath, HttpResponse response)
   at System.Web.StaticFileHandler.ProcessRequestInternal(HttpContext context, String overrideVirtualPath)
   at System.Web.DefaultHttpHandler.BeginProcessRequest(HttpContext context, AsyncCallback callback, Object state)
   at System.Web.HttpApplication.CallHandlerExecutionStep.System.Web.HttpApplication.IExecutionStep.Execute()
   at System.Web.HttpApplication.ExecuteStep(IExecutionStep step, Boolean& completedSynchronously)
TargetSite :System.IO.FileInfo GetFileInfo(System.String, System.String, System.Web.HttpResponse)
08/13/2010 08:11:02: App is shutting down
08/13/2010 08:12:34: 
Error in Path :/public/css/
Raw Url :/public/css/
Message :File does not exist.
Source :System.Web
Stack Trace :   at System.Web.StaticFileHandler.GetFileInfo(String virtualPathWithPathInfo, String physicalPath, HttpResponse response)
   at System.Web.StaticFileHandler.ProcessRequestInternal(HttpContext context, String overrideVirtualPath)
   at System.Web.DefaultHttpHandler.BeginProcessRequest(HttpContext context, AsyncCallback callback, Object state)
   at System.Web.HttpApplication.CallHandlerExecutionStep.System.Web.HttpApplication.IExecutionStep.Execute()
   at System.Web.HttpApplication.ExecuteStep(IExecutionStep step, Boolean& completedSynchronously)
TargetSite :System.IO.FileInfo GetFileInfo(System.String, System.String, System.Web.HttpResponse)
08/13/2010 08:53:18: 
Error in Path :/public/css/
Raw Url :/public/css/
Message :File does not exist.
Source :System.Web
Stack Trace :   at System.Web.StaticFileHandler.GetFileInfo(String virtualPathWithPathInfo, String physicalPath, HttpResponse response)
   at System.Web.StaticFileHandler.ProcessRequestInternal(HttpContext context, String overrideVirtualPath)
   at System.Web.DefaultHttpHandler.BeginProcessRequest(HttpContext context, AsyncCallback callback, Object state)
   at System.Web.HttpApplication.CallHandlerExecutionStep.System.Web.HttpApplication.IExecutionStep.Execute()
   at System.Web.HttpApplication.ExecuteStep(IExecutionStep step, Boolean& completedSynchronously)
TargetSite :System.IO.FileInfo GetFileInfo(System.String, System.String, System.Web.HttpResponse)
08/13/2010 08:55:48: 
Error in Path :/public/css/
Raw Url :/public/css/
Message :File does not exist.
Source :System.Web
Stack Trace :   at System.Web.StaticFileHandler.GetFileInfo(String virtualPathWithPathInfo, String physicalPath, HttpResponse response)
   at System.Web.StaticFileHandler.ProcessRequestInternal(HttpContext context, String overrideVirtualPath)
   at System.Web.DefaultHttpHandler.BeginProcessRequest(HttpContext context, AsyncCallback callback, Object state)
   at System.Web.HttpApplication.CallHandlerExecutionStep.System.Web.HttpApplication.IExecutionStep.Execute()
   at System.Web.HttpApplication.ExecuteStep(IExecutionStep step, Boolean& completedSynchronously)
TargetSite :System.IO.FileInfo GetFileInfo(System.String, System.String, System.Web.HttpResponse)
08/13/2010 10:09:55: 
Error in Path :/public/css/
Raw Url :/public/css/
Message :File does not exist.
Source :System.Web
Stack Trace :   at System.Web.StaticFileHandler.GetFileInfo(String virtualPathWithPathInfo, String physicalPath, HttpResponse response)
   at System.Web.StaticFileHandler.ProcessRequestInternal(HttpContext context, String overrideVirtualPath)
   at System.Web.DefaultHttpHandler.BeginProcessRequest(HttpContext context, AsyncCallback callback, Object state)
   at System.Web.HttpApplication.CallHandlerExecutionStep.System.Web.HttpApplication.IExecutionStep.Execute()
   at System.Web.HttpApplication.ExecuteStep(IExecutionStep step, Boolean& completedSynchronously)
TargetSite :System.IO.FileInfo GetFileInfo(System.String, System.String, System.Web.HttpResponse)
08/13/2010 10:10:17: 
Error in Path :/public/css/
Raw Url :/public/css/
Message :File does not exist.
Source :System.Web
Stack Trace :   at System.Web.StaticFileHandler.GetFileInfo(String virtualPathWithPathInfo, String physicalPath, HttpResponse response)
   at System.Web.StaticFileHandler.ProcessRequestInternal(HttpContext context, String overrideVirtualPath)
   at System.Web.DefaultHttpHandler.BeginProcessRequest(HttpContext context, AsyncCallback callback, Object state)
   at System.Web.HttpApplication.CallHandlerExecutionStep.System.Web.HttpApplication.IExecutionStep.Execute()
   at System.Web.HttpApplication.ExecuteStep(IExecutionStep step, Boolean& completedSynchronously)
TargetSite :System.IO.FileInfo GetFileInfo(System.String, System.String, System.Web.HttpResponse)
08/13/2010 16:32:21: 
Error in Path :/public/css/
Raw Url :/public/css/
Message :File does not exist.
Source :System.Web
Stack Trace :   at System.Web.StaticFileHandler.GetFileInfo(String virtualPathWithPathInfo, String physicalPath, HttpResponse response)
   at System.Web.StaticFileHandler.ProcessRequestInternal(HttpContext context, String overrideVirtualPath)
   at System.Web.DefaultHttpHandler.BeginProcessRequest(HttpContext context, AsyncCallback callback, Object state)
   at System.Web.HttpApplication.CallHandlerExecutionStep.System.Web.HttpApplication.IExecutionStep.Execute()
   at System.Web.HttpApplication.ExecuteStep(IExecutionStep step, Boolean& completedSynchronously)
TargetSite :System.IO.FileInfo GetFileInfo(System.String, System.String, System.Web.HttpResponse)
08/13/2010 16:32:55: 
Error in Path :/public/css/
Raw Url :/public/css/
Message :File does not exist.
Source :System.Web
Stack Trace :   at System.Web.StaticFileHandler.GetFileInfo(String virtualPathWithPathInfo, String physicalPath, HttpResponse response)
   at System.Web.StaticFileHandler.ProcessRequestInternal(HttpContext context, String overrideVirtualPath)
   at System.Web.DefaultHttpHandler.BeginProcessRequest(HttpContext context, AsyncCallback callback, Object state)
   at System.Web.HttpApplication.CallHandlerExecutionStep.System.Web.HttpApplication.IExecutionStep.Execute()
   at System.Web.HttpApplication.ExecuteStep(IExecutionStep step, Boolean& completedSynchronously)
TargetSite :System.IO.FileInfo GetFileInfo(System.String, System.String, System.Web.HttpResponse)
08/13/2010 16:34:24: 
Error in Path :/public/css/
Raw Url :/public/css/
Message :File does not exist.
Source :System.Web
Stack Trace :   at System.Web.StaticFileHandler.GetFileInfo(String virtualPathWithPathInfo, String physicalPath, HttpResponse response)
   at System.Web.StaticFileHandler.ProcessRequestInternal(HttpContext context, String overrideVirtualPath)
   at System.Web.DefaultHttpHandler.BeginProcessRequest(HttpContext context, AsyncCallback callback, Object state)
   at System.Web.HttpApplication.CallHandlerExecutionStep.System.Web.HttpApplication.IExecutionStep.Execute()
   at System.Web.HttpApplication.ExecuteStep(IExecutionStep step, Boolean& completedSynchronously)
TargetSite :System.IO.FileInfo GetFileInfo(System.String, System.String, System.Web.HttpResponse)
08/13/2010 16:35:09: 
Error in Path :/public/css/
Raw Url :/public/css/
Message :File does not exist.
Source :System.Web
Stack Trace :   at System.Web.StaticFileHandler.GetFileInfo(String virtualPathWithPathInfo, String physicalPath, HttpResponse response)
   at System.Web.StaticFileHandler.ProcessRequestInternal(HttpContext context, String overrideVirtualPath)
   at System.Web.DefaultHttpHandler.BeginProcessRequest(HttpContext context, AsyncCallback callback, Object state)
   at System.Web.HttpApplication.CallHandlerExecutionStep.System.Web.HttpApplication.IExecutionStep.Execute()
   at System.Web.HttpApplication.ExecuteStep(IExecutionStep step, Boolean& completedSynchronously)
TargetSite :System.IO.FileInfo GetFileInfo(System.String, System.String, System.Web.HttpResponse)
08/13/2010 16:38:17: 
Error in Path :/public/css/
Raw Url :/public/css/
Message :File does not exist.
Source :System.Web
Stack Trace :   at System.Web.StaticFileHandler.GetFileInfo(String virtualPathWithPathInfo, String physicalPath, HttpResponse response)
   at System.Web.StaticFileHandler.ProcessRequestInternal(HttpContext context, String overrideVirtualPath)
   at System.Web.DefaultHttpHandler.BeginProcessRequest(HttpContext context, AsyncCallback callback, Object state)
   at System.Web.HttpApplication.CallHandlerExecutionStep.System.Web.HttpApplication.IExecutionStep.Execute()
   at System.Web.HttpApplication.ExecuteStep(IExecutionStep step, Boolean& completedSynchronously)
TargetSite :System.IO.FileInfo GetFileInfo(System.String, System.String, System.Web.HttpResponse)
08/13/2010 16:44:39: 
Error in Path :/public/css/
Raw Url :/public/css/
Message :File does not exist.
Source :System.Web
Stack Trace :   at System.Web.StaticFileHandler.GetFileInfo(String virtualPathWithPathInfo, String physicalPath, HttpResponse response)
   at System.Web.StaticFileHandler.ProcessRequestInternal(HttpContext context, String overrideVirtualPath)
   at System.Web.DefaultHttpHandler.BeginProcessRequest(HttpContext context, AsyncCallback callback, Object state)
   at System.Web.HttpApplication.CallHandlerExecutionStep.System.Web.HttpApplication.IExecutionStep.Execute()
   at System.Web.HttpApplication.ExecuteStep(IExecutionStep step, Boolean& completedSynchronously)
TargetSite :System.IO.FileInfo GetFileInfo(System.String, System.String, System.Web.HttpResponse)
08/13/2010 16:46:50: 
Error in Path :/public/css/
Raw Url :/public/css/
Message :File does not exist.
Source :System.Web
Stack Trace :   at System.Web.StaticFileHandler.GetFileInfo(String virtualPathWithPathInfo, String physicalPath, HttpResponse response)
   at System.Web.StaticFileHandler.ProcessRequestInternal(HttpContext context, String overrideVirtualPath)
   at System.Web.DefaultHttpHandler.BeginProcessRequest(HttpContext context, AsyncCallback callback, Object state)
   at System.Web.HttpApplication.CallHandlerExecutionStep.System.Web.HttpApplication.IExecutionStep.Execute()
   at System.Web.HttpApplication.ExecuteStep(IExecutionStep step, Boolean& completedSynchronously)
TargetSite :System.IO.FileInfo GetFileInfo(System.String, System.String, System.Web.HttpResponse)
08/13/2010 16:47:52: 
Error in Path :/public/css/
Raw Url :/public/css/
Message :File does not exist.
Source :System.Web
Stack Trace :   at System.Web.StaticFileHandler.GetFileInfo(String virtualPathWithPathInfo, String physicalPath, HttpResponse response)
   at System.Web.StaticFileHandler.ProcessRequestInternal(HttpContext context, String overrideVirtualPath)
   at System.Web.DefaultHttpHandler.BeginProcessRequest(HttpContext context, AsyncCallback callback, Object state)
   at System.Web.HttpApplication.CallHandlerExecutionStep.System.Web.HttpApplication.IExecutionStep.Execute()
   at System.Web.HttpApplication.ExecuteStep(IExecutionStep step, Boolean& completedSynchronously)
TargetSite :System.IO.FileInfo GetFileInfo(System.String, System.String, System.Web.HttpResponse)
08/13/2010 16:55:54: 
Error in Path :/public/css/
Raw Url :/public/css/
Message :File does not exist.
Source :System.Web
Stack Trace :   at System.Web.StaticFileHandler.GetFileInfo(String virtualPathWithPathInfo, String physicalPath, HttpResponse response)
   at System.Web.StaticFileHandler.ProcessRequestInternal(HttpContext context, String overrideVirtualPath)
   at System.Web.DefaultHttpHandler.BeginProcessRequest(HttpContext context, AsyncCallback callback, Object state)
   at System.Web.HttpApplication.CallHandlerExecutionStep.System.Web.HttpApplication.IExecutionStep.Execute()
   at System.Web.HttpApplication.ExecuteStep(IExecutionStep step, Boolean& completedSynchronously)
TargetSite :System.IO.FileInfo GetFileInfo(System.String, System.String, System.Web.HttpResponse)
08/13/2010 16:57:24: 
Error in Path :/public/css/
Raw Url :/public/css/
Message :File does not exist.
Source :System.Web
Stack Trace :   at System.Web.StaticFileHandler.GetFileInfo(String virtualPathWithPathInfo, String physicalPath, HttpResponse response)
   at System.Web.StaticFileHandler.ProcessRequestInternal(HttpContext context, String overrideVirtualPath)
   at System.Web.DefaultHttpHandler.BeginProcessRequest(HttpContext context, AsyncCallback callback, Object state)
   at System.Web.HttpApplication.CallHandlerExecutionStep.System.Web.HttpApplication.IExecutionStep.Execute()
   at System.Web.HttpApplication.ExecuteStep(IExecutionStep step, Boolean& completedSynchronously)
TargetSite :System.IO.FileInfo GetFileInfo(System.String, System.String, System.Web.HttpResponse)
08/15/2010 04:31:58: 
Error in Path :/public/css/
Raw Url :/public/css/
Message :File does not exist.
Source :System.Web
Stack Trace :   at System.Web.StaticFileHandler.GetFileInfo(String virtualPathWithPathInfo, String physicalPath, HttpResponse response)
   at System.Web.StaticFileHandler.ProcessRequestInternal(HttpContext context, String overrideVirtualPath)
   at System.Web.DefaultHttpHandler.BeginProcessRequest(HttpContext context, AsyncCallback callback, Object state)
   at System.Web.HttpApplication.CallHandlerExecutionStep.System.Web.HttpApplication.IExecutionStep.Execute()
   at System.Web.HttpApplication.ExecuteStep(IExecutionStep step, Boolean& completedSynchronously)
TargetSite :System.IO.FileInfo GetFileInfo(System.String, System.String, System.Web.HttpResponse)
08/15/2010 04:32:47: 
Error in Path :/public/css/
Raw Url :/public/css/
Message :File does not exist.
Source :System.Web
Stack Trace :   at System.Web.StaticFileHandler.GetFileInfo(String virtualPathWithPathInfo, String physicalPath, HttpResponse response)
   at System.Web.StaticFileHandler.ProcessRequestInternal(HttpContext context, String overrideVirtualPath)
   at System.Web.DefaultHttpHandler.BeginProcessRequest(HttpContext context, AsyncCallback callback, Object state)
   at System.Web.HttpApplication.CallHandlerExecutionStep.System.Web.HttpApplication.IExecutionStep.Execute()
   at System.Web.HttpApplication.ExecuteStep(IExecutionStep step, Boolean& completedSynchronously)
TargetSite :System.IO.FileInfo GetFileInfo(System.String, System.String, System.Web.HttpResponse)
08/15/2010 04:33:55: 
Error in Path :/public/css/
Raw Url :/public/css/
Message :File does not exist.
Source :System.Web
Stack Trace :   at System.Web.StaticFileHandler.GetFileInfo(String virtualPathWithPathInfo, String physicalPath, HttpResponse response)
   at System.Web.StaticFileHandler.ProcessRequestInternal(HttpContext context, String overrideVirtualPath)
   at System.Web.DefaultHttpHandler.BeginProcessRequest(HttpContext context, AsyncCallback callback, Object state)
   at System.Web.HttpApplication.CallHandlerExecutionStep.System.Web.HttpApplication.IExecutionStep.Execute()
   at System.Web.HttpApplication.ExecuteStep(IExecutionStep step, Boolean& completedSynchronously)
TargetSite :System.IO.FileInfo GetFileInfo(System.String, System.String, System.Web.HttpResponse)
08/15/2010 04:38:00: Pinging http://localhost:9001
08/15/2010 04:38:02: 
Error in Path :/public/css/
Raw Url :/public/css/
Message :File does not exist.
Source :System.Web
Stack Trace :   at System.Web.StaticFileHandler.GetFileInfo(String virtualPathWithPathInfo, String physicalPath, HttpResponse response)
   at System.Web.StaticFileHandler.ProcessRequestInternal(HttpContext context, String overrideVirtualPath)
   at System.Web.DefaultHttpHandler.BeginProcessRequest(HttpContext context, AsyncCallback callback, Object state)
   at System.Web.HttpApplication.CallHandlerExecutionStep.System.Web.HttpApplication.IExecutionStep.Execute()
   at System.Web.HttpApplication.ExecuteStep(IExecutionStep step, Boolean& completedSynchronously)
TargetSite :System.IO.FileInfo GetFileInfo(System.String, System.String, System.Web.HttpResponse)
08/15/2010 04:38:08: Logging Logout
08/15/2010 04:38:08: Logging Logout for user 2 in session: 43hb4qz43hl1kjywxxb0rzc2
08/15/2010 04:38:18: Logging Login
08/15/2010 04:38:18: Logging Login for user 2 in session: 43hb4qz43hl1kjywxxb0rzc2
08/15/2010 04:38:18: 
Error in Path :/public/css/
Raw Url :/public/css/
Message :File does not exist.
Source :System.Web
Stack Trace :   at System.Web.StaticFileHandler.GetFileInfo(String virtualPathWithPathInfo, String physicalPath, HttpResponse response)
   at System.Web.StaticFileHandler.ProcessRequestInternal(HttpContext context, String overrideVirtualPath)
   at System.Web.DefaultHttpHandler.BeginProcessRequest(HttpContext context, AsyncCallback callback, Object state)
   at System.Web.HttpApplication.CallHandlerExecutionStep.System.Web.HttpApplication.IExecutionStep.Execute()
   at System.Web.HttpApplication.ExecuteStep(IExecutionStep step, Boolean& completedSynchronously)
TargetSite :System.IO.FileInfo GetFileInfo(System.String, System.String, System.Web.HttpResponse)
08/15/2010 06:08:47: 
Error in Path :/public/css/
Raw Url :/public/css/
Message :File does not exist.
Source :System.Web
Stack Trace :   at System.Web.StaticFileHandler.GetFileInfo(String virtualPathWithPathInfo, String physicalPath, HttpResponse response)
   at System.Web.StaticFileHandler.ProcessRequestInternal(HttpContext context, String overrideVirtualPath)
   at System.Web.DefaultHttpHandler.BeginProcessRequest(HttpContext context, AsyncCallback callback, Object state)
   at System.Web.HttpApplication.CallHandlerExecutionStep.System.Web.HttpApplication.IExecutionStep.Execute()
   at System.Web.HttpApplication.ExecuteStep(IExecutionStep step, Boolean& completedSynchronously)
TargetSite :System.IO.FileInfo GetFileInfo(System.String, System.String, System.Web.HttpResponse)
08/15/2010 06:08:59: Logging ViewItemDetail
08/15/2010 06:08:59: Logged ViewItemDetail for user 2 & content: 32110
08/15/2010 06:09:16: Logging ViewItemDetail
08/15/2010 06:09:16: Logged ViewItemDetail for user 2 & content: 32106
08/15/2010 06:09:20: Logging ViewItemDetail
08/15/2010 06:09:20: Logged ViewItemDetail for user 2 & content: 32111
08/15/2010 06:09:21: Logging ViewItemDetail
08/15/2010 06:09:21: Logged ViewItemDetail for user 2 & content: 32107
08/15/2010 06:09:22: Logging ViewItemDetail
08/15/2010 06:09:22: Logged ViewItemDetail for user 2 & content: 32108
08/15/2010 06:09:23: Logging ViewItemDetail
08/15/2010 06:09:24: Logged ViewItemDetail for user 2 & content: 32109
08/15/2010 06:09:25: Logging ViewItemDetail
08/15/2010 06:09:25: Logged ViewItemDetail for user 2 & content: 32106
08/15/2010 06:16:01: Logging SessionStarted
08/15/2010 06:16:03: 
Error in Path :/public/css/
Raw Url :/public/css/
Message :File does not exist.
Source :System.Web
Stack Trace :   at System.Web.StaticFileHandler.GetFileInfo(String virtualPathWithPathInfo, String physicalPath, HttpResponse response)
   at System.Web.StaticFileHandler.ProcessRequestInternal(HttpContext context, String overrideVirtualPath)
   at System.Web.DefaultHttpHandler.BeginProcessRequest(HttpContext context, AsyncCallback callback, Object state)
   at System.Web.HttpApplication.CallHandlerExecutionStep.System.Web.HttpApplication.IExecutionStep.Execute()
   at System.Web.HttpApplication.ExecuteStep(IExecutionStep step, Boolean& completedSynchronously)
TargetSite :System.IO.FileInfo GetFileInfo(System.String, System.String, System.Web.HttpResponse)
08/15/2010 06:17:35: Logging SessionStarted
08/15/2010 06:17:37: 
Error in Path :/public/css/
Raw Url :/public/css/
Message :File does not exist.
Source :System.Web
Stack Trace :   at System.Web.StaticFileHandler.GetFileInfo(String virtualPathWithPathInfo, String physicalPath, HttpResponse response)
   at System.Web.StaticFileHandler.ProcessRequestInternal(HttpContext context, String overrideVirtualPath)
   at System.Web.DefaultHttpHandler.BeginProcessRequest(HttpContext context, AsyncCallback callback, Object state)
   at System.Web.HttpApplication.CallHandlerExecutionStep.System.Web.HttpApplication.IExecutionStep.Execute()
   at System.Web.HttpApplication.ExecuteStep(IExecutionStep step, Boolean& completedSynchronously)
TargetSite :System.IO.FileInfo GetFileInfo(System.String, System.String, System.Web.HttpResponse)
08/15/2010 06:17:53: Logging ViewItemDetail
08/15/2010 06:17:53: Logged ViewItemDetail for user 2 & content: 28034
08/15/2010 06:30:51: 
Error in Path :/public/css/
Raw Url :/public/css/
Message :File does not exist.
Source :System.Web
Stack Trace :   at System.Web.StaticFileHandler.GetFileInfo(String virtualPathWithPathInfo, String physicalPath, HttpResponse response)
   at System.Web.StaticFileHandler.ProcessRequestInternal(HttpContext context, String overrideVirtualPath)
   at System.Web.DefaultHttpHandler.BeginProcessRequest(HttpContext context, AsyncCallback callback, Object state)
   at System.Web.HttpApplication.CallHandlerExecutionStep.System.Web.HttpApplication.IExecutionStep.Execute()
   at System.Web.HttpApplication.ExecuteStep(IExecutionStep step, Boolean& completedSynchronously)
TargetSite :System.IO.FileInfo GetFileInfo(System.String, System.String, System.Web.HttpResponse)
08/15/2010 06:31:10: 
Error in Path :/public/css/
Raw Url :/public/css/
Message :File does not exist.
Source :System.Web
Stack Trace :   at System.Web.StaticFileHandler.GetFileInfo(String virtualPathWithPathInfo, String physicalPath, HttpResponse response)
   at System.Web.StaticFileHandler.ProcessRequestInternal(HttpContext context, String overrideVirtualPath)
   at System.Web.DefaultHttpHandler.BeginProcessRequest(HttpContext context, AsyncCallback callback, Object state)
   at System.Web.HttpApplication.CallHandlerExecutionStep.System.Web.HttpApplication.IExecutionStep.Execute()
   at System.Web.HttpApplication.ExecuteStep(IExecutionStep step, Boolean& completedSynchronously)
TargetSite :System.IO.FileInfo GetFileInfo(System.String, System.String, System.Web.HttpResponse)
08/15/2010 06:33:22: 
Error in Path :/public/css/
Raw Url :/public/css/
Message :File does not exist.
Source :System.Web
Stack Trace :   at System.Web.StaticFileHandler.GetFileInfo(String virtualPathWithPathInfo, String physicalPath, HttpResponse response)
   at System.Web.StaticFileHandler.ProcessRequestInternal(HttpContext context, String overrideVirtualPath)
   at System.Web.DefaultHttpHandler.BeginProcessRequest(HttpContext context, AsyncCallback callback, Object state)
   at System.Web.HttpApplication.CallHandlerExecutionStep.System.Web.HttpApplication.IExecutionStep.Execute()
   at System.Web.HttpApplication.ExecuteStep(IExecutionStep step, Boolean& completedSynchronously)
TargetSite :System.IO.FileInfo GetFileInfo(System.String, System.String, System.Web.HttpResponse)
08/15/2010 06:47:53: 
Error in Path :/public/css/
Raw Url :/public/css/
Message :File does not exist.
Source :System.Web
Stack Trace :   at System.Web.StaticFileHandler.GetFileInfo(String virtualPathWithPathInfo, String physicalPath, HttpResponse response)
   at System.Web.StaticFileHandler.ProcessRequestInternal(HttpContext context, String overrideVirtualPath)
   at System.Web.DefaultHttpHandler.BeginProcessRequest(HttpContext context, AsyncCallback callback, Object state)
   at System.Web.HttpApplication.CallHandlerExecutionStep.System.Web.HttpApplication.IExecutionStep.Execute()
   at System.Web.HttpApplication.ExecuteStep(IExecutionStep step, Boolean& completedSynchronously)
TargetSite :System.IO.FileInfo GetFileInfo(System.String, System.String, System.Web.HttpResponse)
08/15/2010 06:49:10: 
Error in Path :/public/css/
Raw Url :/public/css/
Message :File does not exist.
Source :System.Web
Stack Trace :   at System.Web.StaticFileHandler.GetFileInfo(String virtualPathWithPathInfo, String physicalPath, HttpResponse response)
   at System.Web.StaticFileHandler.ProcessRequestInternal(HttpContext context, String overrideVirtualPath)
   at System.Web.DefaultHttpHandler.BeginProcessRequest(HttpContext context, AsyncCallback callback, Object state)
   at System.Web.HttpApplication.CallHandlerExecutionStep.System.Web.HttpApplication.IExecutionStep.Execute()
   at System.Web.HttpApplication.ExecuteStep(IExecutionStep step, Boolean& completedSynchronously)
TargetSite :System.IO.FileInfo GetFileInfo(System.String, System.String, System.Web.HttpResponse)
08/15/2010 06:50:17: 
Error in Path :/public/css/
Raw Url :/public/css/
Message :File does not exist.
Source :System.Web
Stack Trace :   at System.Web.StaticFileHandler.GetFileInfo(String virtualPathWithPathInfo, String physicalPath, HttpResponse response)
   at System.Web.StaticFileHandler.ProcessRequestInternal(HttpContext context, String overrideVirtualPath)
   at System.Web.DefaultHttpHandler.BeginProcessRequest(HttpContext context, AsyncCallback callback, Object state)
   at System.Web.HttpApplication.CallHandlerExecutionStep.System.Web.HttpApplication.IExecutionStep.Execute()
   at System.Web.HttpApplication.ExecuteStep(IExecutionStep step, Boolean& completedSynchronously)
TargetSite :System.IO.FileInfo GetFileInfo(System.String, System.String, System.Web.HttpResponse)
08/15/2010 06:51:17: 
Error in Path :/public/css/
Raw Url :/public/css/
Message :File does not exist.
Source :System.Web
Stack Trace :   at System.Web.StaticFileHandler.GetFileInfo(String virtualPathWithPathInfo, String physicalPath, HttpResponse response)
   at System.Web.StaticFileHandler.ProcessRequestInternal(HttpContext context, String overrideVirtualPath)
   at System.Web.DefaultHttpHandler.BeginProcessRequest(HttpContext context, AsyncCallback callback, Object state)
   at System.Web.HttpApplication.CallHandlerExecutionStep.System.Web.HttpApplication.IExecutionStep.Execute()
   at System.Web.HttpApplication.ExecuteStep(IExecutionStep step, Boolean& completedSynchronously)
TargetSite :System.IO.FileInfo GetFileInfo(System.String, System.String, System.Web.HttpResponse)
08/15/2010 06:52:35: 
Error in Path :/public/css/
Raw Url :/public/css/
Message :File does not exist.
Source :System.Web
Stack Trace :   at System.Web.StaticFileHandler.GetFileInfo(String virtualPathWithPathInfo, String physicalPath, HttpResponse response)
   at System.Web.StaticFileHandler.ProcessRequestInternal(HttpContext context, String overrideVirtualPath)
   at System.Web.DefaultHttpHandler.BeginProcessRequest(HttpContext context, AsyncCallback callback, Object state)
   at System.Web.HttpApplication.CallHandlerExecutionStep.System.Web.HttpApplication.IExecutionStep.Execute()
   at System.Web.HttpApplication.ExecuteStep(IExecutionStep step, Boolean& completedSynchronously)
TargetSite :System.IO.FileInfo GetFileInfo(System.String, System.String, System.Web.HttpResponse)
08/15/2010 07:00:21: /public/css//public/css/
Message :File does not exist.
Source :System.Web
Stack Trace :   at System.Web.StaticFileHandler.GetFileInfo(String virtualPathWithPathInfo, String physicalPath, HttpResponse response)
   at System.Web.StaticFileHandler.ProcessRequestInternal(HttpContext context, String overrideVirtualPath)
   at System.Web.DefaultHttpHandler.BeginProcessRequest(HttpContext context, AsyncCallback callback, Object state)
   at System.Web.HttpApplication.CallHandlerExecutionStep.System.Web.HttpApplication.IExecutionStep.Execute()
   at System.Web.HttpApplication.ExecuteStep(IExecutionStep step, Boolean& completedSynchronously)
TargetSite :System.IO.FileInfo GetFileInfo(System.String, System.String, System.Web.HttpResponse)
08/15/2010 07:08:12: /public/css//public/css/
Message :File does not exist.
Source :System.Web
Stack Trace :   at System.Web.StaticFileHandler.GetFileInfo(String virtualPathWithPathInfo, String physicalPath, HttpResponse response)
   at System.Web.StaticFileHandler.ProcessRequestInternal(HttpContext context, String overrideVirtualPath)
   at System.Web.DefaultHttpHandler.BeginProcessRequest(HttpContext context, AsyncCallback callback, Object state)
   at System.Web.HttpApplication.CallHandlerExecutionStep.System.Web.HttpApplication.IExecutionStep.Execute()
   at System.Web.HttpApplication.ExecuteStep(IExecutionStep step, Boolean& completedSynchronously)
TargetSite :System.IO.FileInfo GetFileInfo(System.String, System.String, System.Web.HttpResponse)
08/15/2010 07:08:58: /public/css//public/css/
Message :File does not exist.
Source :System.Web
Stack Trace :   at System.Web.StaticFileHandler.GetFileInfo(String virtualPathWithPathInfo, String physicalPath, HttpResponse response)
   at System.Web.StaticFileHandler.ProcessRequestInternal(HttpContext context, String overrideVirtualPath)
   at System.Web.DefaultHttpHandler.BeginProcessRequest(HttpContext context, AsyncCallback callback, Object state)
   at System.Web.HttpApplication.CallHandlerExecutionStep.System.Web.HttpApplication.IExecutionStep.Execute()
   at System.Web.HttpApplication.ExecuteStep(IExecutionStep step, Boolean& completedSynchronously)
TargetSite :System.IO.FileInfo GetFileInfo(System.String, System.String, System.Web.HttpResponse)
08/15/2010 07:09:10: /public/css//public/css/
Message :File does not exist.
Source :System.Web
Stack Trace :   at System.Web.StaticFileHandler.GetFileInfo(String virtualPathWithPathInfo, String physicalPath, HttpResponse response)
   at System.Web.StaticFileHandler.ProcessRequestInternal(HttpContext context, String overrideVirtualPath)
   at System.Web.DefaultHttpHandler.BeginProcessRequest(HttpContext context, AsyncCallback callback, Object state)
   at System.Web.HttpApplication.CallHandlerExecutionStep.System.Web.HttpApplication.IExecutionStep.Execute()
   at System.Web.HttpApplication.ExecuteStep(IExecutionStep step, Boolean& completedSynchronously)
TargetSite :System.IO.FileInfo GetFileInfo(System.String, System.String, System.Web.HttpResponse)
08/15/2010 07:10:11: /public/css//public/css/
Message :File does not exist.
Source :System.Web
Stack Trace :   at System.Web.StaticFileHandler.GetFileInfo(String virtualPathWithPathInfo, String physicalPath, HttpResponse response)
   at System.Web.StaticFileHandler.ProcessRequestInternal(HttpContext context, String overrideVirtualPath)
   at System.Web.DefaultHttpHandler.BeginProcessRequest(HttpContext context, AsyncCallback callback, Object state)
   at System.Web.HttpApplication.CallHandlerExecutionStep.System.Web.HttpApplication.IExecutionStep.Execute()
   at System.Web.HttpApplication.ExecuteStep(IExecutionStep step, Boolean& completedSynchronously)
TargetSite :System.IO.FileInfo GetFileInfo(System.String, System.String, System.Web.HttpResponse)
08/15/2010 07:10:54: /public/css//public/css/
Message :File does not exist.
Source :System.Web
Stack Trace :   at System.Web.StaticFileHandler.GetFileInfo(String virtualPathWithPathInfo, String physicalPath, HttpResponse response)
   at System.Web.StaticFileHandler.ProcessRequestInternal(HttpContext context, String overrideVirtualPath)
   at System.Web.DefaultHttpHandler.BeginProcessRequest(HttpContext context, AsyncCallback callback, Object state)
   at System.Web.HttpApplication.CallHandlerExecutionStep.System.Web.HttpApplication.IExecutionStep.Execute()
   at System.Web.HttpApplication.ExecuteStep(IExecutionStep step, Boolean& completedSynchronously)
TargetSite :System.IO.FileInfo GetFileInfo(System.String, System.String, System.Web.HttpResponse)
08/15/2010 07:11:23: /public/css//public/css/
Message :File does not exist.
Source :System.Web
Stack Trace :   at System.Web.StaticFileHandler.GetFileInfo(String virtualPathWithPathInfo, String physicalPath, HttpResponse response)
   at System.Web.StaticFileHandler.ProcessRequestInternal(HttpContext context, String overrideVirtualPath)
   at System.Web.DefaultHttpHandler.BeginProcessRequest(HttpContext context, AsyncCallback callback, Object state)
   at System.Web.HttpApplication.CallHandlerExecutionStep.System.Web.HttpApplication.IExecutionStep.Execute()
   at System.Web.HttpApplication.ExecuteStep(IExecutionStep step, Boolean& completedSynchronously)
TargetSite :System.IO.FileInfo GetFileInfo(System.String, System.String, System.Web.HttpResponse)
08/15/2010 07:11:42: /public/css//public/css/
Message :File does not exist.
Source :System.Web
Stack Trace :   at System.Web.StaticFileHandler.GetFileInfo(String virtualPathWithPathInfo, String physicalPath, HttpResponse response)
   at System.Web.StaticFileHandler.ProcessRequestInternal(HttpContext context, String overrideVirtualPath)
   at System.Web.DefaultHttpHandler.BeginProcessRequest(HttpContext context, AsyncCallback callback, Object state)
   at System.Web.HttpApplication.CallHandlerExecutionStep.System.Web.HttpApplication.IExecutionStep.Execute()
   at System.Web.HttpApplication.ExecuteStep(IExecutionStep step, Boolean& completedSynchronously)
TargetSite :System.IO.FileInfo GetFileInfo(System.String, System.String, System.Web.HttpResponse)
08/15/2010 07:12:07: /public/css//public/css/
Message :File does not exist.
Source :System.Web
Stack Trace :   at System.Web.StaticFileHandler.GetFileInfo(String virtualPathWithPathInfo, String physicalPath, HttpResponse response)
   at System.Web.StaticFileHandler.ProcessRequestInternal(HttpContext context, String overrideVirtualPath)
   at System.Web.DefaultHttpHandler.BeginProcessRequest(HttpContext context, AsyncCallback callback, Object state)
   at System.Web.HttpApplication.CallHandlerExecutionStep.System.Web.HttpApplication.IExecutionStep.Execute()
   at System.Web.HttpApplication.ExecuteStep(IExecutionStep step, Boolean& completedSynchronously)
TargetSite :System.IO.FileInfo GetFileInfo(System.String, System.String, System.Web.HttpResponse)
08/15/2010 07:13:19: /public/css//public/css/
Message :File does not exist.
Source :System.Web
Stack Trace :   at System.Web.StaticFileHandler.GetFileInfo(String virtualPathWithPathInfo, String physicalPath, HttpResponse response)
   at System.Web.StaticFileHandler.ProcessRequestInternal(HttpContext context, String overrideVirtualPath)
   at System.Web.DefaultHttpHandler.BeginProcessRequest(HttpContext context, AsyncCallback callback, Object state)
   at System.Web.HttpApplication.CallHandlerExecutionStep.System.Web.HttpApplication.IExecutionStep.Execute()
   at System.Web.HttpApplication.ExecuteStep(IExecutionStep step, Boolean& completedSynchronously)
TargetSite :System.IO.FileInfo GetFileInfo(System.String, System.String, System.Web.HttpResponse)
08/15/2010 07:16:09: /public/css//public/css/
Message :File does not exist.
Source :System.Web
Stack Trace :   at System.Web.StaticFileHandler.GetFileInfo(String virtualPathWithPathInfo, String physicalPath, HttpResponse response)
   at System.Web.StaticFileHandler.ProcessRequestInternal(HttpContext context, String overrideVirtualPath)
   at System.Web.DefaultHttpHandler.BeginProcessRequest(HttpContext context, AsyncCallback callback, Object state)
   at System.Web.HttpApplication.CallHandlerExecutionStep.System.Web.HttpApplication.IExecutionStep.Execute()
   at System.Web.HttpApplication.ExecuteStep(IExecutionStep step, Boolean& completedSynchronously)
TargetSite :System.IO.FileInfo GetFileInfo(System.String, System.String, System.Web.HttpResponse)
08/15/2010 07:17:56: /public/css//public/css/
Message :File does not exist.
Source :System.Web
Stack Trace :   at System.Web.StaticFileHandler.GetFileInfo(String virtualPathWithPathInfo, String physicalPath, HttpResponse response)
   at System.Web.StaticFileHandler.ProcessRequestInternal(HttpContext context, String overrideVirtualPath)
   at System.Web.DefaultHttpHandler.BeginProcessRequest(HttpContext context, AsyncCallback callback, Object state)
   at System.Web.HttpApplication.CallHandlerExecutionStep.System.Web.HttpApplication.IExecutionStep.Execute()
   at System.Web.HttpApplication.ExecuteStep(IExecutionStep step, Boolean& completedSynchronously)
TargetSite :System.IO.FileInfo GetFileInfo(System.String, System.String, System.Web.HttpResponse)
08/15/2010 07:18:15: /public/css//public/css/
Message :File does not exist.
Source :System.Web
Stack Trace :   at System.Web.StaticFileHandler.GetFileInfo(String virtualPathWithPathInfo, String physicalPath, HttpResponse response)
   at System.Web.StaticFileHandler.ProcessRequestInternal(HttpContext context, String overrideVirtualPath)
   at System.Web.DefaultHttpHandler.BeginProcessRequest(HttpContext context, AsyncCallback callback, Object state)
   at System.Web.HttpApplication.CallHandlerExecutionStep.System.Web.HttpApplication.IExecutionStep.Execute()
   at System.Web.HttpApplication.ExecuteStep(IExecutionStep step, Boolean& completedSynchronously)
TargetSite :System.IO.FileInfo GetFileInfo(System.String, System.String, System.Web.HttpResponse)
08/15/2010 07:18:54: /public/css//public/css/
Message :File does not exist.
Source :System.Web
Stack Trace :   at System.Web.StaticFileHandler.GetFileInfo(String virtualPathWithPathInfo, String physicalPath, HttpResponse response)
   at System.Web.StaticFileHandler.ProcessRequestInternal(HttpContext context, String overrideVirtualPath)
   at System.Web.DefaultHttpHandler.BeginProcessRequest(HttpContext context, AsyncCallback callback, Object state)
   at System.Web.HttpApplication.CallHandlerExecutionStep.System.Web.HttpApplication.IExecutionStep.Execute()
   at System.Web.HttpApplication.ExecuteStep(IExecutionStep step, Boolean& completedSynchronously)
TargetSite :System.IO.FileInfo GetFileInfo(System.String, System.String, System.Web.HttpResponse)
08/15/2010 07:20:31: /public/css//public/css/
Message :File does not exist.
Source :System.Web
Stack Trace :   at System.Web.StaticFileHandler.GetFileInfo(String virtualPathWithPathInfo, String physicalPath, HttpResponse response)
   at System.Web.StaticFileHandler.ProcessRequestInternal(HttpContext context, String overrideVirtualPath)
   at System.Web.DefaultHttpHandler.BeginProcessRequest(HttpContext context, AsyncCallback callback, Object state)
   at System.Web.HttpApplication.CallHandlerExecutionStep.System.Web.HttpApplication.IExecutionStep.Execute()
   at System.Web.HttpApplication.ExecuteStep(IExecutionStep step, Boolean& completedSynchronously)
TargetSite :System.IO.FileInfo GetFileInfo(System.String, System.String, System.Web.HttpResponse)
08/15/2010 07:20:48: /public/css//public/css/
Message :File does not exist.
Source :System.Web
Stack Trace :   at System.Web.StaticFileHandler.GetFileInfo(String virtualPathWithPathInfo, String physicalPath, HttpResponse response)
   at System.Web.StaticFileHandler.ProcessRequestInternal(HttpContext context, String overrideVirtualPath)
   at System.Web.DefaultHttpHandler.BeginProcessRequest(HttpContext context, AsyncCallback callback, Object state)
   at System.Web.HttpApplication.CallHandlerExecutionStep.System.Web.HttpApplication.IExecutionStep.Execute()
   at System.Web.HttpApplication.ExecuteStep(IExecutionStep step, Boolean& completedSynchronously)
TargetSite :System.IO.FileInfo GetFileInfo(System.String, System.String, System.Web.HttpResponse)
08/15/2010 07:21:44: /public/css//public/css/
Message :File does not exist.
Source :System.Web
Stack Trace :   at System.Web.StaticFileHandler.GetFileInfo(String virtualPathWithPathInfo, String physicalPath, HttpResponse response)
   at System.Web.StaticFileHandler.ProcessRequestInternal(HttpContext context, String overrideVirtualPath)
   at System.Web.DefaultHttpHandler.BeginProcessRequest(HttpContext context, AsyncCallback callback, Object state)
   at System.Web.HttpApplication.CallHandlerExecutionStep.System.Web.HttpApplication.IExecutionStep.Execute()
   at System.Web.HttpApplication.ExecuteStep(IExecutionStep step, Boolean& completedSynchronously)
TargetSite :System.IO.FileInfo GetFileInfo(System.String, System.String, System.Web.HttpResponse)
08/15/2010 10:09:27: /public/css//public/css/
Message :File does not exist.
Source :System.Web
Stack Trace :   at System.Web.StaticFileHandler.GetFileInfo(String virtualPathWithPathInfo, String physicalPath, HttpResponse response)
   at System.Web.StaticFileHandler.ProcessRequestInternal(HttpContext context, String overrideVirtualPath)
   at System.Web.DefaultHttpHandler.BeginProcessRequest(HttpContext context, AsyncCallback callback, Object state)
   at System.Web.HttpApplication.CallHandlerExecutionStep.System.Web.HttpApplication.IExecutionStep.Execute()
   at System.Web.HttpApplication.ExecuteStep(IExecutionStep step, Boolean& completedSynchronously)
TargetSite :System.IO.FileInfo GetFileInfo(System.String, System.String, System.Web.HttpResponse)
08/15/2010 16:11:08: /public/css//public/css/
Message :File does not exist.
Source :System.Web
Stack Trace :   at System.Web.StaticFileHandler.GetFileInfo(String virtualPathWithPathInfo, String physicalPath, HttpResponse response)
   at System.Web.StaticFileHandler.ProcessRequestInternal(HttpContext context, String overrideVirtualPath)
   at System.Web.DefaultHttpHandler.BeginProcessRequest(HttpContext context, AsyncCallback callback, Object state)
   at System.Web.HttpApplication.CallHandlerExecutionStep.System.Web.HttpApplication.IExecutionStep.Execute()
   at System.Web.HttpApplication.ExecuteStep(IExecutionStep step, Boolean& completedSynchronously)
TargetSite :System.IO.FileInfo GetFileInfo(System.String, System.String, System.Web.HttpResponse)
08/15/2010 16:12:49: /public/css//public/css/
Message :File does not exist.
Source :System.Web
Stack Trace :   at System.Web.StaticFileHandler.GetFileInfo(String virtualPathWithPathInfo, String physicalPath, HttpResponse response)
   at System.Web.StaticFileHandler.ProcessRequestInternal(HttpContext context, String overrideVirtualPath)
   at System.Web.DefaultHttpHandler.BeginProcessRequest(HttpContext context, AsyncCallback callback, Object state)
   at System.Web.HttpApplication.CallHandlerExecutionStep.System.Web.HttpApplication.IExecutionStep.Execute()
   at System.Web.HttpApplication.ExecuteStep(IExecutionStep step, Boolean& completedSynchronously)
TargetSite :System.IO.FileInfo GetFileInfo(System.String, System.String, System.Web.HttpResponse)
08/15/2010 16:13:19: /public/css//public/css/
Message :File does not exist.
Source :System.Web
Stack Trace :   at System.Web.StaticFileHandler.GetFileInfo(String virtualPathWithPathInfo, String physicalPath, HttpResponse response)
   at System.Web.StaticFileHandler.ProcessRequestInternal(HttpContext context, String overrideVirtualPath)
   at System.Web.DefaultHttpHandler.BeginProcessRequest(HttpContext context, AsyncCallback callback, Object state)
   at System.Web.HttpApplication.CallHandlerExecutionStep.System.Web.HttpApplication.IExecutionStep.Execute()
   at System.Web.HttpApplication.ExecuteStep(IExecutionStep step, Boolean& completedSynchronously)
TargetSite :System.IO.FileInfo GetFileInfo(System.String, System.String, System.Web.HttpResponse)
08/15/2010 16:39:24: /public/css//public/css/
Message :File does not exist.
Source :System.Web
Stack Trace :   at System.Web.StaticFileHandler.GetFileInfo(String virtualPathWithPathInfo, String physicalPath, HttpResponse response)
   at System.Web.StaticFileHandler.ProcessRequestInternal(HttpContext context, String overrideVirtualPath)
   at System.Web.DefaultHttpHandler.BeginProcessRequest(HttpContext context, AsyncCallback callback, Object state)
   at System.Web.HttpApplication.CallHandlerExecutionStep.System.Web.HttpApplication.IExecutionStep.Execute()
   at System.Web.HttpApplication.ExecuteStep(IExecutionStep step, Boolean& completedSynchronously)
TargetSite :System.IO.FileInfo GetFileInfo(System.String, System.String, System.Web.HttpResponse)
08/20/2010 14:23:56: /public/css//public/css/
Message :File does not exist.
Source :System.Web
Stack Trace :   at System.Web.StaticFileHandler.GetFileInfo(String virtualPathWithPathInfo, String physicalPath, HttpResponse response)
   at System.Web.StaticFileHandler.ProcessRequestInternal(HttpContext context, String overrideVirtualPath)
   at System.Web.DefaultHttpHandler.BeginProcessRequest(HttpContext context, AsyncCallback callback, Object state)
   at System.Web.HttpApplication.CallHandlerExecutionStep.System.Web.HttpApplication.IExecutionStep.Execute()
   at System.Web.HttpApplication.ExecuteStep(IExecutionStep step, Boolean& completedSynchronously)
TargetSite :System.IO.FileInfo GetFileInfo(System.String, System.String, System.Web.HttpResponse)
08/20/2010 14:24:22: /public/css//public/css/
Message :File does not exist.
Source :System.Web
Stack Trace :   at System.Web.StaticFileHandler.GetFileInfo(String virtualPathWithPathInfo, String physicalPath, HttpResponse response)
   at System.Web.StaticFileHandler.ProcessRequestInternal(HttpContext context, String overrideVirtualPath)
   at System.Web.DefaultHttpHandler.BeginProcessRequest(HttpContext context, AsyncCallback callback, Object state)
   at System.Web.HttpApplication.CallHandlerExecutionStep.System.Web.HttpApplication.IExecutionStep.Execute()
   at System.Web.HttpApplication.ExecuteStep(IExecutionStep step, Boolean& completedSynchronously)
TargetSite :System.IO.FileInfo GetFileInfo(System.String, System.String, System.Web.HttpResponse)
08/20/2010 14:25:14: App is shutting down
08/21/2010 11:13:06: App is shutting down
08/21/2010 11:14:39: /public/css//public/css/
Message :File does not exist.
Source :System.Web
Stack Trace :   at System.Web.StaticFileHandler.GetFileInfo(String virtualPathWithPathInfo, String physicalPath, HttpResponse response)
   at System.Web.StaticFileHandler.ProcessRequestInternal(HttpContext context, String overrideVirtualPath)
   at System.Web.DefaultHttpHandler.BeginProcessRequest(HttpContext context, AsyncCallback callback, Object state)
   at System.Web.HttpApplication.CallHandlerExecutionStep.System.Web.HttpApplication.IExecutionStep.Execute()
   at System.Web.HttpApplication.ExecuteStep(IExecutionStep step, Boolean& completedSynchronously)
TargetSite :System.IO.FileInfo GetFileInfo(System.String, System.String, System.Web.HttpResponse)
08/21/2010 11:17:48: App is shutting down
08/21/2010 11:20:20: App is shutting down
08/21/2010 11:20:44: /Admin/ReportUserActions/Admin/ReportUserActions
Message :Exception of type 'System.Web.HttpUnhandledException' was thrown.
Source :System.Web
Stack Trace :   at System.Web.UI.Page.HandleError(Exception e)
   at System.Web.UI.Page.ProcessRequestMain(Boolean includeStagesBeforeAsyncPoint, Boolean includeStagesAfterAsyncPoint)
   at System.Web.UI.Page.ProcessRequest(Boolean includeStagesBeforeAsyncPoint, Boolean includeStagesAfterAsyncPoint)
   at System.Web.UI.Page.ProcessRequest()
   at System.Web.UI.Page.ProcessRequestWithNoAssert(HttpContext context)
   at System.Web.UI.Page.ProcessRequest(HttpContext context)
   at System.Web.Mvc.ViewPage.ProcessRequest(HttpContext context)
   at ASP.views_admin_reportuseractions_aspx.ProcessRequest(HttpContext context) in c:\Users\Claus\AppData\Local\Temp\Temporary ASP.NET Files\root\53c47daf\5a8adc22\App_Web_w0kt5dju.0.cs:line 0
   at System.Web.Mvc.HttpHandlerUtil.ServerExecuteHttpHandlerWrapper.<>c__DisplayClass1.<ProcessRequest>b__0()
   at System.Web.Mvc.HttpHandlerUtil.ServerExecuteHttpHandlerWrapper.<>c__DisplayClass4.<Wrap>b__3()
   at System.Web.Mvc.HttpHandlerUtil.ServerExecuteHttpHandlerWrapper.Wrap[TResult](Func`1 func)
   at System.Web.Mvc.HttpHandlerUtil.ServerExecuteHttpHandlerWrapper.Wrap(Action action)
   at System.Web.Mvc.HttpHandlerUtil.ServerExecuteHttpHandlerWrapper.ProcessRequest(HttpContext context)
   at System.Web.HttpServerUtility.ExecuteInternal(IHttpHandler handler, TextWriter writer, Boolean preserveForm, Boolean setPreviousPage, VirtualPath path, VirtualPath filePath, String physPath, Exception error, String queryStringOverride)
TargetSite :Boolean HandleError(System.Exception)
08/21/2010 11:21:03: /public/css//public/css/
Message :File does not exist.
Source :System.Web
Stack Trace :   at System.Web.StaticFileHandler.GetFileInfo(String virtualPathWithPathInfo, String physicalPath, HttpResponse response)
   at System.Web.StaticFileHandler.ProcessRequestInternal(HttpContext context, String overrideVirtualPath)
   at System.Web.DefaultHttpHandler.BeginProcessRequest(HttpContext context, AsyncCallback callback, Object state)
   at System.Web.HttpApplication.CallHandlerExecutionStep.System.Web.HttpApplication.IExecutionStep.Execute()
   at System.Web.HttpApplication.ExecuteStep(IExecutionStep step, Boolean& completedSynchronously)
TargetSite :System.IO.FileInfo GetFileInfo(System.String, System.String, System.Web.HttpResponse)
08/21/2010 11:21:20: /Admin/ReportUserActions/Admin/ReportUserActions
Message :Exception of type 'System.Web.HttpUnhandledException' was thrown.
Source :System.Web
Stack Trace :   at System.Web.UI.Page.HandleError(Exception e)
   at System.Web.UI.Page.ProcessRequestMain(Boolean includeStagesBeforeAsyncPoint, Boolean includeStagesAfterAsyncPoint)
   at System.Web.UI.Page.ProcessRequest(Boolean includeStagesBeforeAsyncPoint, Boolean includeStagesAfterAsyncPoint)
   at System.Web.UI.Page.ProcessRequest()
   at System.Web.UI.Page.ProcessRequestWithNoAssert(HttpContext context)
   at System.Web.UI.Page.ProcessRequest(HttpContext context)
   at System.Web.Mvc.ViewPage.ProcessRequest(HttpContext context)
   at ASP.views_admin_reportuseractions_aspx.ProcessRequest(HttpContext context) in c:\Users\Claus\AppData\Local\Temp\Temporary ASP.NET Files\root\53c47daf\5a8adc22\App_Web_w0kt5dju.0.cs:line 0
   at System.Web.Mvc.HttpHandlerUtil.ServerExecuteHttpHandlerWrapper.<>c__DisplayClass1.<ProcessRequest>b__0()
   at System.Web.Mvc.HttpHandlerUtil.ServerExecuteHttpHandlerWrapper.<>c__DisplayClass4.<Wrap>b__3()
   at System.Web.Mvc.HttpHandlerUtil.ServerExecuteHttpHandlerWrapper.Wrap[TResult](Func`1 func)
   at System.Web.Mvc.HttpHandlerUtil.ServerExecuteHttpHandlerWrapper.Wrap(Action action)
   at System.Web.Mvc.HttpHandlerUtil.ServerExecuteHttpHandlerWrapper.ProcessRequest(HttpContext context)
   at System.Web.HttpServerUtility.ExecuteInternal(IHttpHandler handler, TextWriter writer, Boolean preserveForm, Boolean setPreviousPage, VirtualPath path, VirtualPath filePath, String physPath, Exception error, String queryStringOverride)
TargetSite :Boolean HandleError(System.Exception)
08/21/2010 11:21:46: App is shutting down
08/21/2010 11:22:05: /Views/Admin/ReportUserActions.aspx/Views/Admin/ReportUserActions.aspx
Message :Path '/Views/Admin/ReportUserActions.aspx' was not found.
Source :System.Web
Stack Trace :   at System.Web.HttpNotFoundHandler.ProcessRequest(HttpContext context)
   at System.Web.HttpApplication.CallHandlerExecutionStep.System.Web.HttpApplication.IExecutionStep.Execute()
   at System.Web.HttpApplication.ExecuteStep(IExecutionStep step, Boolean& completedSynchronously)
TargetSite :Void ProcessRequest(System.Web.HttpContext)
08/21/2010 11:22:52: /public/css//public/css/
Message :File does not exist.
Source :System.Web
Stack Trace :   at System.Web.StaticFileHandler.GetFileInfo(String virtualPathWithPathInfo, String physicalPath, HttpResponse response)
   at System.Web.StaticFileHandler.ProcessRequestInternal(HttpContext context, String overrideVirtualPath)
   at System.Web.DefaultHttpHandler.BeginProcessRequest(HttpContext context, AsyncCallback callback, Object state)
   at System.Web.HttpApplication.CallHandlerExecutionStep.System.Web.HttpApplication.IExecutionStep.Execute()
   at System.Web.HttpApplication.ExecuteStep(IExecutionStep step, Boolean& completedSynchronously)
TargetSite :System.IO.FileInfo GetFileInfo(System.String, System.String, System.Web.HttpResponse)
08/21/2010 11:23:16: App is shutting down
